# JRE version: OpenJDK Runtime Environment Temurin-21.0.9+10 (21.0.9+10) (build 21.0.9+10-LTS)
# Java VM: OpenJDK 64-Bit Server VM Temurin-21.0.9+10 (21.0.9+10-LTS, mixed mode, sharing, tiered, compressed oops, compressed class ptrs, parallel gc, windows-amd64)
GC Precious Log:
 CardTable entry size: 512
 CPUs: 8 total, 8 available
 Memory: 8042M
 Large Page Support: Disabled
 NUMA Support: Disabled
 Compressed Oops: Enabled (32-bit)
 Alignments: Space 512K, Generation 512K, Heap 2M
 Heap Min Capacity: 100M
 Heap Initial Capacity: 100M
 Heap Max Capacity: 2G
 Pre-touch: Disabled
 Parallel Workers: 8
Heap:
 PSYoungGen      total 3584K, used 2667K [0x00000000d5580000, 0x00000000d5b00000, 0x0000000100000000)
  eden space 2560K, 94% used [0x00000000d5580000,0x00000000d57dad50,0x00000000d5800000)
  from space 1024K, 25% used [0x00000000d5900000,0x00000000d5940000,0x00000000d5a00000)
  to   space 512K, 0% used [0x00000000d5a80000,0x00000000d5a80000,0x00000000d5b00000)
 ParOldGen       total 671232K, used 671191K [0x0000000080000000, 0x00000000a8f80000, 0x00000000d5580000)
  object space 671232K, 99% used [0x0000000080000000,0x00000000a8f75de0,0x00000000a8f80000)
 Metaspace       used 77902K, committed 79424K, reserved 1179648K
  class space    used 8346K, committed 9024K, reserved 1048576K
GC Heap History (20 events):
Event: 573.698 GC heap before
{Heap before GC invocations=459 (full 3):
 PSYoungGen      total 7168K, used 7152K [0x00000000d5580000, 0x00000000d6880000, 0x0000000100000000)
  eden space 4096K, 100% used [0x00000000d5580000,0x00000000d5980000,0x00000000d5980000)
  from space 3072K, 99% used [0x00000000d5980000,0x00000000d5c7c000,0x00000000d5c80000)
  to   space 7168K, 0% used [0x00000000d6180000,0x00000000d6180000,0x00000000d6880000)
 ParOldGen       total 651776K, used 651744K [0x0000000080000000, 0x00000000a7c80000, 0x00000000d5580000)
  object space 651776K, 99% used [0x0000000080000000,0x00000000a7c78028,0x00000000a7c80000)
 Metaspace       used 77726K, committed 79232K, reserved 1179648K
  class space    used 8346K, committed 9024K, reserved 1048576K
}
Event: 573.705 GC heap after
{Heap after GC invocations=459 (full 3):
 PSYoungGen      total 9216K, used 3974K [0x00000000d5580000, 0x00000000d6580000, 0x0000000100000000)
  eden space 5120K, 0% used [0x00000000d5580000,0x00000000d5580000,0x00000000d5a80000)
  from space 4096K, 97% used [0x00000000d6180000,0x00000000d6561af0,0x00000000d6580000)
  to   space 5120K, 0% used [0x00000000d5b80000,0x00000000d5b80000,0x00000000d6080000)
 ParOldGen       total 654848K, used 654512K [0x0000000080000000, 0x00000000a7f80000, 0x00000000d5580000)
  object space 654848K, 99% used [0x0000000080000000,0x00000000a7f2c028,0x00000000a7f80000)
 Metaspace       used 77726K, committed 79232K, reserved 1179648K
  class space    used 8346K, committed 9024K, reserved 1048576K
}
Event: 583.002 GC heap before
{Heap before GC invocations=460 (full 3):
 PSYoungGen      total 9216K, used 9094K [0x00000000d5580000, 0x00000000d6580000, 0x0000000100000000)
  eden space 5120K, 100% used [0x00000000d5580000,0x00000000d5a80000,0x00000000d5a80000)
  from space 4096K, 97% used [0x00000000d6180000,0x00000000d6561af0,0x00000000d6580000)
  to   space 5120K, 0% used [0x00000000d5b80000,0x00000000d5b80000,0x00000000d6080000)
 ParOldGen       total 654848K, used 654512K [0x0000000080000000, 0x00000000a7f80000, 0x00000000d5580000)
  object space 654848K, 99% used [0x0000000080000000,0x00000000a7f2c028,0x00000000a7f80000)
 Metaspace       used 77768K, committed 79296K, reserved 1179648K
  class space    used 8346K, committed 9024K, reserved 1048576K
}
Event: 583.009 GC heap after
{Heap after GC invocations=460 (full 3):
 PSYoungGen      total 6656K, used 1440K [0x00000000d5580000, 0x00000000d6200000, 0x0000000100000000)
  eden space 5120K, 0% used [0x00000000d5580000,0x00000000d5580000,0x00000000d5a80000)
  from space 1536K, 93% used [0x00000000d5b80000,0x00000000d5ce8010,0x00000000d5d00000)
  to   space 2560K, 0% used [0x00000000d5f80000,0x00000000d5f80000,0x00000000d6200000)
 ParOldGen       total 658944K, used 658454K [0x0000000080000000, 0x00000000a8380000, 0x00000000d5580000)
  object space 658944K, 99% used [0x0000000080000000,0x00000000a8305b18,0x00000000a8380000)
 Metaspace       used 77768K, committed 79296K, reserved 1179648K
  class space    used 8346K, committed 9024K, reserved 1048576K
}
Event: 583.936 GC heap before
{Heap before GC invocations=461 (full 3):
 PSYoungGen      total 6656K, used 6560K [0x00000000d5580000, 0x00000000d6200000, 0x0000000100000000)
  eden space 5120K, 100% used [0x00000000d5580000,0x00000000d5a80000,0x00000000d5a80000)
  from space 1536K, 93% used [0x00000000d5b80000,0x00000000d5ce8010,0x00000000d5d00000)
  to   space 2560K, 0% used [0x00000000d5f80000,0x00000000d5f80000,0x00000000d6200000)
 ParOldGen       total 658944K, used 658454K [0x0000000080000000, 0x00000000a8380000, 0x00000000d5580000)
  object space 658944K, 99% used [0x0000000080000000,0x00000000a8305b18,0x00000000a8380000)
 Metaspace       used 77788K, committed 79296K, reserved 1179648K
  class space    used 8346K, committed 9024K, reserved 1048576K
}
Event: 583.939 GC heap after
{Heap after GC invocations=461 (full 3):
 PSYoungGen      total 5632K, used 512K [0x00000000d5580000, 0x00000000d6000000, 0x0000000100000000)
  eden space 5120K, 0% used [0x00000000d5580000,0x00000000d5580000,0x00000000d5a80000)
  from space 512K, 100% used [0x00000000d5f80000,0x00000000d6000000,0x00000000d6000000)
  to   space 1536K, 0% used [0x00000000d5d00000,0x00000000d5d00000,0x00000000d5e80000)
 ParOldGen       total 659968K, used 659734K [0x0000000080000000, 0x00000000a8480000, 0x00000000d5580000)
  object space 659968K, 99% used [0x0000000080000000,0x00000000a8445b18,0x00000000a8480000)
 Metaspace       used 77788K, committed 79296K, reserved 1179648K
  class space    used 8346K, committed 9024K, reserved 1048576K
}
Event: 585.475 GC heap before
{Heap before GC invocations=462 (full 3):
 PSYoungGen      total 5632K, used 5632K [0x00000000d5580000, 0x00000000d6000000, 0x0000000100000000)
  eden space 5120K, 100% used [0x00000000d5580000,0x00000000d5a80000,0x00000000d5a80000)
  from space 512K, 100% used [0x00000000d5f80000,0x00000000d6000000,0x00000000d6000000)
  to   space 1536K, 0% used [0x00000000d5d00000,0x00000000d5d00000,0x00000000d5e80000)
 ParOldGen       total 659968K, used 659734K [0x0000000080000000, 0x00000000a8480000, 0x00000000d5580000)
  object space 659968K, 99% used [0x0000000080000000,0x00000000a8445b18,0x00000000a8480000)
 Metaspace       used 77793K, committed 79296K, reserved 1179648K
  class space    used 8346K, committed 9024K, reserved 1048576K
}
Event: 585.478 GC heap after
{Heap after GC invocations=462 (full 3):
 PSYoungGen      total 6656K, used 1065K [0x00000000d5580000, 0x00000000d6000000, 0x0000000100000000)
  eden space 5120K, 0% used [0x00000000d5580000,0x00000000d5580000,0x00000000d5a80000)
  from space 1536K, 69% used [0x00000000d5d00000,0x00000000d5e0a5c0,0x00000000d5e80000)
  to   space 1536K, 0% used [0x00000000d5e80000,0x00000000d5e80000,0x00000000d6000000)
 ParOldGen       total 660480K, used 660123K [0x0000000080000000, 0x00000000a8500000, 0x00000000d5580000)
  object space 660480K, 99% used [0x0000000080000000,0x00000000a84a6fa8,0x00000000a8500000)
 Metaspace       used 77793K, committed 79296K, reserved 1179648K
  class space    used 8346K, committed 9024K, reserved 1048576K
}
Event: 585.498 GC heap before
{Heap before GC invocations=463 (full 3):
 PSYoungGen      total 6656K, used 6091K [0x00000000d5580000, 0x00000000d6000000, 0x0000000100000000)
  eden space 5120K, 98% used [0x00000000d5580000,0x00000000d5a68860,0x00000000d5a80000)
  from space 1536K, 69% used [0x00000000d5d00000,0x00000000d5e0a5c0,0x00000000d5e80000)
  to   space 1536K, 0% used [0x00000000d5e80000,0x00000000d5e80000,0x00000000d6000000)
 ParOldGen       total 660480K, used 660123K [0x0000000080000000, 0x00000000a8500000, 0x00000000d5580000)
  object space 660480K, 99% used [0x0000000080000000,0x00000000a84a6fa8,0x00000000a8500000)
 Metaspace       used 77793K, committed 79296K, reserved 1179648K
  class space    used 8346K, committed 9024K, reserved 1048576K
}
Event: 585.504 GC heap after
{Heap after GC invocations=463 (full 3):
 PSYoungGen      total 4096K, used 1512K [0x00000000d5580000, 0x00000000d6780000, 0x0000000100000000)
  eden space 2560K, 0% used [0x00000000d5580000,0x00000000d5580000,0x00000000d5800000)
  from space 1536K, 98% used [0x00000000d5e80000,0x00000000d5ffa000,0x00000000d6000000)
  to   space 6656K, 0% used [0x00000000d5800000,0x00000000d5800000,0x00000000d5e80000)
 ParOldGen       total 664576K, used 664349K [0x0000000080000000, 0x00000000a8900000, 0x00000000d5580000)
  object space 664576K, 99% used [0x0000000080000000,0x00000000a88c7578,0x00000000a8900000)
 Metaspace       used 77793K, committed 79296K, reserved 1179648K
  class space    used 8346K, committed 9024K, reserved 1048576K
}
Event: 585.531 GC heap before
{Heap before GC invocations=464 (full 3):
 PSYoungGen      total 4096K, used 4072K [0x00000000d5580000, 0x00000000d6780000, 0x0000000100000000)
  eden space 2560K, 100% used [0x00000000d5580000,0x00000000d5800000,0x00000000d5800000)
  from space 1536K, 98% used [0x00000000d5e80000,0x00000000d5ffa000,0x00000000d6000000)
  to   space 6656K, 0% used [0x00000000d5800000,0x00000000d5800000,0x00000000d5e80000)
 ParOldGen       total 664576K, used 664349K [0x0000000080000000, 0x00000000a8900000, 0x00000000d5580000)
  object space 664576K, 99% used [0x0000000080000000,0x00000000a88c7578,0x00000000a8900000)
 Metaspace       used 77793K, committed 79296K, reserved 1179648K
  class space    used 8346K, committed 9024K, reserved 1048576K
}
Event: 585.535 GC heap after
{Heap after GC invocations=464 (full 3):
 PSYoungGen      total 5120K, used 2310K [0x00000000d5580000, 0x00000000d5f00000, 0x0000000100000000)
  eden space 2560K, 0% used [0x00000000d5580000,0x00000000d5580000,0x00000000d5800000)
  from space 2560K, 90% used [0x00000000d5800000,0x00000000d5a41af0,0x00000000d5a80000)
  to   space 3584K, 0% used [0x00000000d5b80000,0x00000000d5b80000,0x00000000d5f00000)
 ParOldGen       total 666112K, used 665725K [0x0000000080000000, 0x00000000a8a80000, 0x00000000d5580000)
  object space 666112K, 99% used [0x0000000080000000,0x00000000a8a1f578,0x00000000a8a80000)
 Metaspace       used 77793K, committed 79296K, reserved 1179648K
  class space    used 8346K, committed 9024K, reserved 1048576K
}
Event: 585.543 GC heap before
{Heap before GC invocations=465 (full 3):
 PSYoungGen      total 5120K, used 4824K [0x00000000d5580000, 0x00000000d5f00000, 0x0000000100000000)
  eden space 2560K, 98% used [0x00000000d5580000,0x00000000d57f4710,0x00000000d5800000)
  from space 2560K, 90% used [0x00000000d5800000,0x00000000d5a41af0,0x00000000d5a80000)
  to   space 3584K, 0% used [0x00000000d5b80000,0x00000000d5b80000,0x00000000d5f00000)
 ParOldGen       total 666112K, used 665725K [0x0000000080000000, 0x00000000a8a80000, 0x00000000d5580000)
  object space 666112K, 99% used [0x0000000080000000,0x00000000a8a1f578,0x00000000a8a80000)
 Metaspace       used 77793K, committed 79296K, reserved 1179648K
  class space    used 8346K, committed 9024K, reserved 1048576K
}
Event: 585.548 GC heap after
{Heap after GC invocations=465 (full 3):
 PSYoungGen      total 5120K, used 2536K [0x00000000d5580000, 0x00000000d5e00000, 0x0000000100000000)
  eden space 2560K, 0% used [0x00000000d5580000,0x00000000d5580000,0x00000000d5800000)
  from space 2560K, 99% used [0x00000000d5b80000,0x00000000d5dfa000,0x00000000d5e00000)
  to   space 3072K, 0% used [0x00000000d5800000,0x00000000d5800000,0x00000000d5b00000)
 ParOldGen       total 668160K, used 668119K [0x0000000080000000, 0x00000000a8c80000, 0x00000000d5580000)
  object space 668160K, 99% used [0x0000000080000000,0x00000000a8c75de0,0x00000000a8c80000)
 Metaspace       used 77793K, committed 79296K, reserved 1179648K
  class space    used 8346K, committed 9024K, reserved 1048576K
}
Event: 605.459 GC heap before
{Heap before GC invocations=466 (full 3):
 PSYoungGen      total 5120K, used 5093K [0x00000000d5580000, 0x00000000d5e00000, 0x0000000100000000)
  eden space 2560K, 99% used [0x00000000d5580000,0x00000000d57ff4f8,0x00000000d5800000)
  from space 2560K, 99% used [0x00000000d5b80000,0x00000000d5dfa000,0x00000000d5e00000)
  to   space 3072K, 0% used [0x00000000d5800000,0x00000000d5800000,0x00000000d5b00000)
 ParOldGen       total 668160K, used 668119K [0x0000000080000000, 0x00000000a8c80000, 0x00000000d5580000)
  object space 668160K, 99% used [0x0000000080000000,0x00000000a8c75de0,0x00000000a8c80000)
 Metaspace       used 77817K, committed 79296K, reserved 1179648K
  class space    used 8346K, committed 9024K, reserved 1048576K
}
Event: 605.463 GC heap after
{Heap after GC invocations=466 (full 3):
 PSYoungGen      total 3584K, used 816K [0x00000000d5580000, 0x00000000d5c00000, 0x0000000100000000)
  eden space 2560K, 0% used [0x00000000d5580000,0x00000000d5580000,0x00000000d5800000)
  from space 1024K, 79% used [0x00000000d5800000,0x00000000d58cc000,0x00000000d5900000)
  to   space 1536K, 0% used [0x00000000d5a80000,0x00000000d5a80000,0x00000000d5c00000)
 ParOldGen       total 670720K, used 670391K [0x0000000080000000, 0x00000000a8f00000, 0x00000000d5580000)
  object space 670720K, 99% used [0x0000000080000000,0x00000000a8eadde0,0x00000000a8f00000)
 Metaspace       used 77817K, committed 79296K, reserved 1179648K
  class space    used 8346K, committed 9024K, reserved 1048576K
}
Event: 607.051 GC heap before
{Heap before GC invocations=467 (full 3):
 PSYoungGen      total 3584K, used 3376K [0x00000000d5580000, 0x00000000d5c00000, 0x0000000100000000)
  eden space 2560K, 100% used [0x00000000d5580000,0x00000000d5800000,0x00000000d5800000)
  from space 1024K, 79% used [0x00000000d5800000,0x00000000d58cc000,0x00000000d5900000)
  to   space 1536K, 0% used [0x00000000d5a80000,0x00000000d5a80000,0x00000000d5c00000)
 ParOldGen       total 670720K, used 670391K [0x0000000080000000, 0x00000000a8f00000, 0x00000000d5580000)
  object space 670720K, 99% used [0x0000000080000000,0x00000000a8eadde0,0x00000000a8f00000)
 Metaspace       used 77829K, committed 79360K, reserved 1179648K
  class space    used 8346K, committed 9024K, reserved 1048576K
}
Event: 607.055 GC heap after
{Heap after GC invocations=467 (full 3):
 PSYoungGen      total 3072K, used 192K [0x00000000d5580000, 0x00000000d5b00000, 0x0000000100000000)
  eden space 2560K, 0% used [0x00000000d5580000,0x00000000d5580000,0x00000000d5800000)
  from space 512K, 37% used [0x00000000d5a80000,0x00000000d5ab0000,0x00000000d5b00000)
  to   space 1024K, 0% used [0x00000000d5900000,0x00000000d5900000,0x00000000d5a00000)
 ParOldGen       total 671232K, used 671151K [0x0000000080000000, 0x00000000a8f80000, 0x00000000d5580000)
  object space 671232K, 99% used [0x0000000080000000,0x00000000a8f6bde0,0x00000000a8f80000)
 Metaspace       used 77829K, committed 79360K, reserved 1179648K
  class space    used 8346K, committed 9024K, reserved 1048576K
}
Event: 653.521 GC heap before
{Heap before GC invocations=468 (full 3):
 PSYoungGen      total 3072K, used 2752K [0x00000000d5580000, 0x00000000d5b00000, 0x0000000100000000)
  eden space 2560K, 100% used [0x00000000d5580000,0x00000000d5800000,0x00000000d5800000)
  from space 512K, 37% used [0x00000000d5a80000,0x00000000d5ab0000,0x00000000d5b00000)
  to   space 1024K, 0% used [0x00000000d5900000,0x00000000d5900000,0x00000000d5a00000)
 ParOldGen       total 671232K, used 671151K [0x0000000080000000, 0x00000000a8f80000, 0x00000000d5580000)
  object space 671232K, 99% used [0x0000000080000000,0x00000000a8f6bde0,0x00000000a8f80000)
 Metaspace       used 77836K, committed 79360K, reserved 1179648K
  class space    used 8346K, committed 9024K, reserved 1048576K
}
Event: 653.522 GC heap after
{Heap after GC invocations=468 (full 3):
 PSYoungGen      total 3584K, used 256K [0x00000000d5580000, 0x00000000d5b00000, 0x0000000100000000)
  eden space 2560K, 0% used [0x00000000d5580000,0x00000000d5580000,0x00000000d5800000)
  from space 1024K, 25% used [0x00000000d5900000,0x00000000d5940000,0x00000000d5a00000)
  to   space 512K, 0% used [0x00000000d5a80000,0x00000000d5a80000,0x00000000d5b00000)
 ParOldGen       total 671232K, used 671191K [0x0000000080000000, 0x00000000a8f80000, 0x00000000d5580000)
  object space 671232K, 99% used [0x0000000080000000,0x00000000a8f75de0,0x00000000a8f80000)
 Metaspace       used 77836K, committed 79360K, reserved 1179648K
  class space    used 8346K, committed 9024K, reserved 1048576K
}

